H014 vendor live SDMMC0 GCTRL/TMOUT sample kernel=5.15.147-21-a733
index ns GCTRL TMOUT CMDR RINTR STAS DMAC DLBA IDST CHDA CBDA CBCR BBCR
000 1781110899892143318 0x20000830 0x01312dff 0x00003352 0x00010004 0x00009506 0x00000082 0x3fc60800 0x00000000 0x00000000 0x00000000 0x00000006 0x00000000
001 1781110899897537243 0x20000830 0x01312dff 0x00003352 0x00010024 0x00006106 0x00000000 0x3fc60800 0x00000000 0x00000000 0x00000000 0x00000006 0x00000000
002 1781110899902889084 0x20000830 0x01312dff 0x00003352 0x00010024 0x00029402 0x00000082 0x3fc60800 0x00000000 0x00000000 0x00000000 0x00000006 0x00000000
003 1781110899908175592 0x20000830 0x01312dff 0x00003352 0x00010024 0x000a9402 0x00000082 0x3fc60800 0x00000000 0x00000000 0x00000000 0x00000006 0x00000000
004 1781110899913385891 0x20000830 0x01312dff 0x00003352 0x00010024 0x000e9402 0x00000082 0x3fc60800 0x00000000 0x00000000 0x00000000 0x00000006 0x00000000
005 1781110899918669274 0x20000010 0xffffffff 0x00003352 0x00010000 0x00006106 0x00000000 0x3fc60800 0x00000000 0x00000000 0x00000000 0x00000006 0x00000000
006 1781110899923956698 0x20000830 0x01312dff 0x00003352 0x00010004 0x00009506 0x00000082 0x3fc60800 0x00000000 0x00000000 0x00000000 0x00000006 0x00000000
007 1781110899929159039 0x20000010 0xffffffff 0x00003352 0x00010000 0x00006106 0x00000000 0x3fc60800 0x00000000 0x00000000 0x00000000 0x00000006 0x00000000
008 1781110899934403172 0x20000830 0x01312dff 0x00003352 0x00010004 0x00009506 0x00000082 0x3fc60800 0x00000000 0x00000000 0x00000000 0x00000006 0x00000000
009 1781110899939630554 0x20000830 0x01312dff 0x00003352 0x0001402c 0x00006106 0x00000000 0x3fc60800 0x00000000 0x00000000 0x00000000 0x00000006 0x00000000
010 1781110899944842604 0x20000830 0x01312dff 0x00003352 0x00010004 0x00009506 0x00000082 0x3fc60800 0x00000000 0x00000000 0x00000000 0x00000006 0x00000000
011 1781110899950112570 0x20000010 0xffffffff 0x00003352 0x00010000 0x00006106 0x00000000 0x3fc60800 0x00000000 0x00000000 0x00000000 0x00000006 0x00000000
012 1781110899955338494 0x20000010 0xffffffff 0x00003352 0x00010000 0x00006106 0x00000000 0x3fc60800 0x00000000 0x00000000 0x00000000 0x00000006 0x00000000
013 1781110899960550460 0x20000830 0x01312dff 0x00003352 0x00010024 0x00069402 0x00000082 0x3fc60800 0x00000000 0x00000000 0x00000000 0x00000006 0x00000000
014 1781110899965751926 0x20000830 0x01312dff 0x00003352 0x00010004 0x00009506 0x00000082 0x3fc60800 0x00000000 0x00000000 0x00000000 0x00000006 0x00000000
015 1781110899970963767 0x20000010 0xffffffff 0x00003352 0x00010000 0x00006106 0x00000000 0x3fc60800 0x00000000 0x00000000 0x00000000 0x00000006 0x00000000
016 1781110899976175983 0x20000830 0x01312dff 0x00003352 0x00010024 0x000c9402 0x00000082 0x3fc60800 0x00000000 0x00000000 0x00000000 0x00000006 0x00000000
017 1781110899981377532 0x20000830 0x01312dff 0x00003352 0x00010004 0x00009506 0x00000082 0x3fc60800 0x00000000 0x00000000 0x00000000 0x00000006 0x00000000
018 1781110899986590331 0x20000010 0xffffffff 0x00003352 0x00010000 0x00006106 0x00000000 0x3fc60800 0x00000000 0x00000000 0x00000000 0x00000006 0x00000000
019 1781110899991801672 0x20000830 0x01312dff 0x00003352 0x00010004 0x00009506 0x00000082 0x3fc60800 0x00000000 0x00000000 0x00000000 0x00000006 0x00000000
020 1781110899997079222 0x20000830 0x01312dff 0x00003352 0x00010000 0x00006106 0x00000000 0x3fc60800 0x00000000 0x00000000 0x00000000 0x00000006 0x00000000
021 1781110900002361646 0x20000010 0xffffffff 0x00003352 0x00010000 0x00006106 0x00000000 0x3fc60800 0x00000000 0x00000000 0x00000000 0x00000006 0x00000000
022 1781110900007585445 0x20000010 0x01312dff 0x00003352 0x00010004 0x00009506 0x00000082 0x3fc60800 0x00000000 0x00000000 0x00000000 0x00000006 0x00000000
023 1781110900012799828 0x20000830 0x01312dff 0x00003352 0x00010004 0x00009506 0x00000082 0x3fc60800 0x00000000 0x00000000 0x00000000 0x00000006 0x00000000
024 1781110900018147919 0x20000010 0xffffffff 0x00003352 0x00010000 0x00006106 0x00000000 0x3fc60800 0x00000000 0x00000000 0x00000000 0x00000006 0x00000000
025 1781110900023480844 0x20000830 0x01312dff 0x00003352 0x00010004 0x00009506 0x00000082 0x3fc60800 0x00000000 0x00000000 0x00000000 0x00000006 0x00000000
026 1781110900028694310 0x20000830 0x01312dff 0x00003352 0x00010024 0x00006106 0x00000082 0x3fc60800 0x00000000 0x00000000 0x00000000 0x00000006 0x00000000
027 1781110900034048359 0x20000010 0xffffffff 0x00003352 0x00010000 0x00006106 0x00000000 0x3fc60800 0x00000000 0x00000000 0x00000000 0x00000006 0x00000000
028 1781110900039352950 0x20000830 0x01312dff 0x00003352 0x0001402c 0x00006106 0x00000000 0x3fc60800 0x00000000 0x00000000 0x00000000 0x00000006 0x00000000
029 1781110900044583999 0x20000830 0x01312dff 0x00003352 0x00010004 0x00009506 0x00000082 0x3fc60800 0x00000000 0x00000000 0x00000000 0x00000006 0x00000000
030 1781110900049800840 0x20000830 0x01312dff 0x00003352 0x00010004 0x00009506 0x00000082 0x3fc60800 0x00000000 0x00000000 0x00000000 0x00000006 0x00000000
031 1781110900055017181 0x20000830 0x01312dff 0x00003352 0x00010024 0x000a9402 0x00000082 0x3fc60800 0x00000000 0x00000000 0x00000000 0x00000006 0x00000000
032 1781110900060230356 0x20000830 0x01312dff 0x00003352 0x00010004 0x00009506 0x00000082 0x3fc60800 0x00000000 0x00000000 0x00000000 0x00000006 0x00000000
033 1781110900065432446 0x20000830 0x01312dff 0x00003352 0x00010004 0x00009506 0x00000082 0x3fc60800 0x00000000 0x00000000 0x00000000 0x00000006 0x00000000
034 1781110900070707496 0x20000830 0x01312dff 0x00003352 0x00010004 0x00009506 0x00000082 0x3fc60800 0x00000000 0x00000000 0x00000000 0x00000006 0x00000000
035 1781110900076039587 0x20000010 0xffffffff 0x00003352 0x00010000 0x00006106 0x00000000 0x3fc60800 0x00000000 0x00000000 0x00000000 0x00000006 0x00000000
036 1781110900081301178 0x20000830 0x01312dff 0x00003352 0x00010024 0x00029402 0x00000082 0x3fc60800 0x00000000 0x00000000 0x00000000 0x00000006 0x00000000
037 1781110900086512852 0x20000010 0xffffffff 0x00003352 0x00010000 0x00006106 0x00000000 0x3fc60800 0x00000000 0x00000000 0x00000000 0x00000006 0x00000000
038 1781110900091736026 0x20000010 0xffffffff 0x00003352 0x00010000 0x00006106 0x00000000 0x3fc60800 0x00000000 0x00000000 0x00000000 0x00000006 0x00000000
039 1781110900096947784 0x20000830 0x01312dff 0x00003352 0x00010004 0x00009506 0x00000082 0x3fc60800 0x00000000 0x00000000 0x00000000 0x00000006 0x00000000
040 1781110900102227625 0x20000830 0x01312dff 0x00003352 0x00010024 0x000a9402 0x00000082 0x3fc60800 0x00000000 0x00000000 0x00000000 0x00000006 0x00000000
041 1781110900107476758 0x20000830 0x01312dff 0x00003352 0x00010024 0x000a9402 0x00000082 0x3fc60800 0x00000000 0x00000000 0x00000000 0x00000006 0x00000000
042 1781110900112688140 0x20000010 0xffffffff 0x00003352 0x00010000 0x00006106 0x00000000 0x3fc60800 0x00000000 0x00000000 0x00000000 0x00000006 0x00000000
043 1781110900117959190 0x20000010 0xffffffff 0x00003352 0x00010000 0x00006106 0x00000000 0x3fc60800 0x00000000 0x00000000 0x00000000 0x00000006 0x00000000
044 1781110900123183781 0x20000010 0xffffffff 0x00003352 0x00010000 0x00006106 0x00000000 0x3fc60800 0x00000000 0x00000000 0x00000000 0x00000006 0x00000000
045 1781110900128465580 0x20000010 0xffffffff 0x00003352 0x00010000 0x00006106 0x00000000 0x3fc60800 0x00000000 0x00000000 0x00000000 0x00000006 0x00000000
046 1781110900133676754 0x20000830 0x01312dff 0x00003352 0x00010004 0x00009506 0x00000082 0x3fc60800 0x00000000 0x00000000 0x00000000 0x00000006 0x00000000
047 1781110900138893387 0x20000830 0x01312dff 0x00003352 0x00010004 0x00009506 0x00000082 0x3fc60800 0x00000000 0x00000000 0x00000000 0x00000006 0x00000000
048 1781110900144179103 0x20000830 0x01312dff 0x00003352 0x00010004 0x00009506 0x00000082 0x3fc60800 0x00000000 0x00000000 0x00000000 0x00000006 0x00000000
049 1781110900149391110 0x20000010 0xffffffff 0x00003352 0x00010000 0x00006106 0x00000000 0x3fc60800 0x00000000 0x00000000 0x00000000 0x00000006 0x00000000
050 1781110900154751952 0x20000810 0x01312dff 0x00003352 0x00010004 0x00009506 0x00000082 0x3fc60800 0x00000000 0x00000000 0x00000000 0x00000006 0x00000000
051 1781110900160086126 0x20000830 0x01312dff 0x00003352 0x00010004 0x00009506 0x00000082 0x3fc60800 0x00000000 0x00000000 0x00000000 0x00000006 0x00000000
052 1781110900165348175 0x20000010 0x01312dff 0x00003352 0x00010004 0x00009506 0x00000082 0x3fc60800 0x00000000 0x00000000 0x00000000 0x00000006 0x00000000
053 1781110900170561641 0x20000830 0x01312dff 0x00003352 0x00010004 0x00009506 0x00000082 0x3fc60800 0x00000000 0x00000000 0x00000000 0x00000006 0x00000000
054 1781110900175848149 0x20000830 0x01312dff 0x00003352 0x00010004 0x00009506 0x00000082 0x3fc60800 0x00000000 0x00000000 0x00000000 0x00000006 0x00000000
055 1781110900181209323 0x20000010 0xffffffff 0x00003352 0x00010000 0x00009506 0x00000082 0x3fc60800 0x00000000 0x00000000 0x00000000 0x00000006 0x00000000
056 1781110900186514664 0x20000010 0xffffffff 0x00003352 0x00010000 0x00006106 0x00000000 0x3fc60800 0x00000000 0x00000000 0x00000000 0x00000006 0x00000000
057 1781110900191792797 0x20000830 0x01312dff 0x00003352 0x00010004 0x00009506 0x00000082 0x3fc60800 0x00000000 0x00000000 0x00000000 0x00000006 0x00000000
058 1781110900197007305 0x20000830 0x01312dff 0x00003352 0x00010004 0x00009506 0x00000082 0x3fc60800 0x00000000 0x00000000 0x00000000 0x00000006 0x00000000
059 1781110900202427896 0x20000010 0xffffffff 0x00003352 0x00010000 0x00006106 0x00000000 0x3fc60800 0x00000000 0x00000000 0x00000000 0x00000006 0x00000000
060 1781110900207714779 0x20000010 0xffffffff 0x00003352 0x00010000 0x00006106 0x00000000 0x3fc60800 0x00000000 0x00000000 0x00000000 0x00000006 0x00000000
061 1781110900212916078 0x20000010 0xffffffff 0x00003352 0x00010000 0x00006106 0x00000000 0x3fc60800 0x00000000 0x00000000 0x00000000 0x00000006 0x00000000
062 1781110900218113294 0x20000830 0x01312dff 0x00003352 0x00010004 0x00009506 0x00000082 0x3fc60800 0x00000000 0x00000000 0x00000000 0x00000006 0x00000000
063 1781110900223389177 0x20000830 0x01312dff 0x00003352 0x00010004 0x00009506 0x00000082 0x3fc60800 0x00000000 0x00000000 0x00000000 0x00000006 0x00000000
064 1781110900228675809 0x20000830 0x01312dff 0x00003352 0x00010024 0x00049402 0x00000082 0x3fc60800 0x00000000 0x00000000 0x00000000 0x00000006 0x00000000
065 1781110900233879400 0x20000830 0x01312dff 0x00003352 0x00010004 0x00009506 0x00000082 0x3fc60800 0x00000000 0x00000000 0x00000000 0x00000006 0x00000000
066 1781110900239096908 0x20000830 0x01312dff 0x00003352 0x00010024 0x00109403 0x00000082 0x3fc60800 0x00000000 0x00000000 0x00000000 0x00000006 0x00000000
067 1781110900244308707 0x20000830 0x01312dff 0x00003352 0x00010004 0x00009506 0x00000082 0x3fc60800 0x00000000 0x00000000 0x00000000 0x00000006 0x00000000
068 1781110900249510923 0x20000830 0x01312dff 0x00003352 0x00010004 0x00009506 0x00000082 0x3fc60800 0x00000000 0x00000000 0x00000000 0x00000006 0x00000000
069 1781110900254727514 0x20000830 0xffffffff 0x00003352 0x00010000 0x00006106 0x00000000 0x3fc60800 0x00000000 0x00000000 0x00000000 0x00000006 0x00000000
070 1781110900259939521 0x20000830 0x01312dff 0x00003352 0x00010004 0x00009506 0x00000082 0x3fc60800 0x00000000 0x00000000 0x00000000 0x00000006 0x00000000
071 1781110900265143279 0x20000830 0x01312dff 0x00003352 0x00010004 0x00009506 0x00000082 0x3fc60800 0x00000000 0x00000000 0x00000000 0x00000006 0x00000000
072 1781110900270394245 0x20000830 0x01312dff 0x00003352 0x00010004 0x00009506 0x00000082 0x3fc60800 0x00000000 0x00000000 0x00000000 0x00000006 0x00000000
073 1781110900275616753 0x20000830 0x01312dff 0x00003352 0x00010004 0x00009506 0x00000082 0x3fc60800 0x00000000 0x00000000 0x00000000 0x00000006 0x00000000
074 1781110900280828552 0x20000010 0xffffffff 0x00003352 0x00010000 0x00006106 0x00000000 0x3fc60800 0x00000000 0x00000000 0x00000000 0x00000006 0x00000000
075 1781110900286095560 0x20000830 0x01312dff 0x00003352 0x00010004 0x00009506 0x00000082 0x3fc60800 0x00000000 0x00000000 0x00000000 0x00000006 0x00000000
076 1781110900291320859 0x20000830 0x01312dff 0x00003352 0x00010004 0x00009506 0x00000082 0x3fc60800 0x00000000 0x00000000 0x00000000 0x00000006 0x00000000
077 1781110900296532116 0x20000830 0x01312dff 0x00003352 0x00010004 0x00009506 0x00000082 0x3fc60800 0x00000000 0x00000000 0x00000000 0x00000006 0x00000000
078 1781110900301733957 0x20000830 0x01312dff 0x00003352 0x00010004 0x00009506 0x00000082 0x3fc60800 0x00000000 0x00000000 0x00000000 0x00000006 0x00000000
079 1781110900307005298 0x20000830 0x01312dff 0x00003352 0x00010004 0x00009506 0x00000082 0x3fc60800 0x00000000 0x00000000 0x00000000 0x00000006 0x00000000
080 1781110900312217348 0x20000830 0x01312dff 0x00003352 0x00010004 0x00009506 0x00000082 0x3fc60800 0x00000000 0x00000000 0x00000000 0x00000006 0x00000000
081 1781110900317573064 0x20000830 0xffffffff 0x00003352 0x00010000 0x00006106 0x00000000 0x3fc60800 0x00000000 0x00000000 0x00000000 0x00000006 0x00000000
082 1781110900322874613 0x20000010 0xffffffff 0x00003352 0x00010000 0x00006106 0x00000000 0x3fc60800 0x00000000 0x00000000 0x00000000 0x00000006 0x00000000
083 1781110900328236913 0x20000830 0x01312dff 0x00003352 0x00010004 0x00009506 0x00000082 0x3fc60800 0x00000000 0x00000000 0x00000000 0x00000006 0x00000000
084 1781110900333525920 0x20000010 0xffffffff 0x00003352 0x00010000 0x00006106 0x00000000 0x3fc60800 0x00000000 0x00000000 0x00000000 0x00000006 0x00000000
085 1781110900338744803 0x20000810 0xffffffff 0x00003352 0x00010000 0x00006106 0x00000000 0x3fc60800 0x00000000 0x00000000 0x00000000 0x00000006 0x00000000
086 1781110900344106102 0x20000830 0x01312dff 0x00003352 0x00010004 0x00009506 0x00000082 0x3fc60800 0x00000000 0x00000000 0x00000000 0x00000006 0x00000000
087 1781110900349393443 0x20000010 0xffffffff 0x00003352 0x00010000 0x00006106 0x00000000 0x3fc60800 0x00000000 0x00000000 0x00000000 0x00000006 0x00000000
088 1781110900354740160 0x20000010 0xffffffff 0x00003352 0x00010000 0x00006506 0x00000082 0x3fc60800 0x00000000 0x00000000 0x00000000 0x00000006 0x00000000
089 1781110900360024459 0x20000830 0x01312dff 0x00003352 0x00010004 0x00009506 0x00000082 0x3fc60800 0x00000000 0x00000000 0x00000000 0x00000006 0x00000000
090 1781110900365304425 0x20000830 0x01312dff 0x00003352 0x00010004 0x00009506 0x00000082 0x3fc60800 0x00000000 0x00000000 0x00000000 0x00000006 0x00000000
091 1781110900370525641 0x20000830 0x01312dff 0x00003352 0x00010024 0x00069502 0x00000082 0x3fc60800 0x00000000 0x00000000 0x00000000 0x00000006 0x00000000
092 1781110900375886232 0x20000830 0x01312dff 0x00003352 0x0001002c 0x00006106 0x00000000 0x3fc60800 0x00000000 0x00000000 0x00000000 0x00000006 0x00000000
093 1781110900381175490 0x20000830 0x01312dff 0x00003352 0x00010024 0x00049402 0x00000082 0x3fc60800 0x00000000 0x00000000 0x00000000 0x00000006 0x00000000
094 1781110900386628289 0x20000010 0xffffffff 0x00003352 0x00010000 0x00006106 0x00000000 0x3fc60800 0x00000000 0x00000000 0x00000000 0x00000006 0x00000000
095 1781110900391915922 0x20000830 0x01312dff 0x00003352 0x00010024 0x000e9402 0x00000082 0x3fc60800 0x00000000 0x00000000 0x00000000 0x00000006 0x00000000
096 1781110900397190180 0x20000830 0x01312dff 0x00003352 0x00010024 0x000e9402 0x00000082 0x3fc60800 0x00000000 0x00000000 0x00000000 0x00000006 0x00000000
097 1781110900402497729 0x20000830 0x01312dff 0x00003352 0x00010004 0x00009506 0x00000082 0x3fc60800 0x00000000 0x00000000 0x00000000 0x00000006 0x00000000
098 1781110900407784029 0x20000830 0x01312dff 0x00003352 0x00010004 0x00009506 0x00000082 0x3fc60800 0x00000000 0x00000000 0x00000000 0x00000006 0x00000000
099 1781110900413057911 0x20000010 0xffffffff 0x00003352 0x00010000 0x00006106 0x00000000 0x3fc60800 0x00000000 0x00000000 0x00000000 0x00000006 0x00000000
100 1781110900418339252 0x20000830 0x01312dff 0x00003352 0x00010004 0x00009506 0x00000082 0x3fc60800 0x00000000 0x00000000 0x00000000 0x00000006 0x00000000
101 1781110900423560843 0x20000010 0xffffffff 0x00003352 0x00010000 0x00006106 0x00000000 0x3fc60800 0x00000000 0x00000000 0x00000000 0x00000006 0x00000000
102 1781110900428771351 0x20000830 0x01312dff 0x00003352 0x00010004 0x00009506 0x00000082 0x3fc60800 0x00000000 0x00000000 0x00000000 0x00000006 0x00000000
103 1781110900434043442 0x20000010 0xffffffff 0x00003352 0x00010000 0x00006106 0x00000000 0x3fc60800 0x00000000 0x00000000 0x00000000 0x00000006 0x00000000
104 1781110900439267283 0x20000010 0xffffffff 0x00003352 0x00010000 0x00006106 0x00000000 0x3fc60800 0x00000000 0x00000000 0x00000000 0x00000006 0x00000000
105 1781110900444629582 0x20000010 0xffffffff 0x00003352 0x00010000 0x00006106 0x00000000 0x3fc60800 0x00000000 0x00000000 0x00000000 0x00000006 0x00000000
106 1781110900450059382 0x20000830 0x01312dff 0x00003352 0x00010004 0x00049402 0x00000082 0x3fc60800 0x00000000 0x00000000 0x00000000 0x00000006 0x00000000
107 1781110900455362931 0x20000830 0x01312dff 0x00003352 0x00010024 0x00069502 0x00000082 0x3fc60800 0x00000000 0x00000000 0x00000000 0x00000006 0x00000000
108 1781110900460572647 0x20000830 0x01312dff 0x00003352 0x00010004 0x00009506 0x00000082 0x3fc60800 0x00000000 0x00000000 0x00000000 0x00000006 0x00000000
109 1781110900465836655 0x20000830 0x01312dff 0x00003352 0x00010004 0x00009506 0x00000082 0x3fc60800 0x00000000 0x00000000 0x00000000 0x00000006 0x00000000
110 1781110900471060537 0x20000830 0x01312dff 0x00003352 0x00010000 0x00006106 0x00000000 0x3fc60800 0x00000000 0x00000000 0x00000000 0x00000006 0x00000000
111 1781110900476269087 0x20000010 0xffffffff 0x00003352 0x00010000 0x00006106 0x00000000 0x3fc60800 0x00000000 0x00000000 0x00000000 0x00000006 0x00000000
112 1781110900481536761 0x20000830 0x01312dff 0x00003352 0x00010004 0x00009506 0x00000082 0x3fc60800 0x00000000 0x00000000 0x00000000 0x00000006 0x00000000
113 1781110900486761560 0x20000830 0x01312dff 0x00003352 0x00010024 0x00049402 0x00000082 0x3fc60800 0x00000000 0x00000000 0x00000000 0x00000006 0x00000000
114 1781110900492037401 0x20000010 0xffffffff 0x00003352 0x00010000 0x00006106 0x00000000 0x3fc60800 0x00000000 0x00000000 0x00000000 0x00000006 0x00000000
115 1781110900497246909 0x20000010 0xffffffff 0x00003352 0x00010000 0x00006106 0x00000000 0x3fc60800 0x00000000 0x00000000 0x00000000 0x00000006 0x00000000
116 1781110900502512750 0x20000830 0x01312dff 0x00003352 0x00010004 0x00009506 0x00000082 0x3fc60800 0x00000000 0x00000000 0x00000000 0x00000006 0x00000000
117 1781110900507736757 0x20000830 0x01312dff 0x00003352 0x00010024 0x00069402 0x00000082 0x3fc60800 0x00000000 0x00000000 0x00000000 0x00000006 0x00000000
118 1781110900512946682 0x20000830 0x01312dff 0x00003352 0x00010004 0x00009506 0x00000082 0x3fc60800 0x00000000 0x00000000 0x00000000 0x00000006 0x00000000
119 1781110900518327481 0x20000830 0x01312dff 0x00003352 0x00010004 0x00009506 0x00000082 0x3fc60800 0x00000000 0x00000000 0x00000000 0x00000006 0x00000000
120 1781110900523696406 0x20000830 0x01312dff 0x00003352 0x00010004 0x00009506 0x00000082 0x3fc60800 0x00000000 0x00000000 0x00000000 0x00000006 0x00000000
121 1781110900528983788 0x20000830 0x01312dff 0x00003352 0x00010004 0x00009506 0x00000082 0x3fc60800 0x00000000 0x00000000 0x00000000 0x00000006 0x00000000
122 1781110900534273213 0x20000010 0xffffffff 0x00003352 0x00010000 0x00006106 0x00000000 0x3fc60800 0x00000000 0x00000000 0x00000000 0x00000006 0x00000000
123 1781110900539653054 0x20000010 0xffffffff 0x00003352 0x00010000 0x00006106 0x00000000 0x3fc60800 0x00000000 0x00000000 0x00000000 0x00000006 0x00000000
124 1781110900544938145 0x20000830 0x01312dff 0x00003352 0x00010004 0x00009506 0x00000082 0x3fc60800 0x00000000 0x00000000 0x00000000 0x00000006 0x00000000
125 1781110900550228569 0x20000010 0xffffffff 0x00003352 0x00010000 0x00006106 0x00000000 0x3fc60800 0x00000000 0x00000000 0x00000000 0x00000006 0x00000000
126 1781110900555542369 0x20000830 0x01312dff 0x00003352 0x00010004 0x00009506 0x00000082 0x3fc60800 0x00000000 0x00000000 0x00000000 0x00000006 0x00000000
127 1781110900560752876 0x20000830 0x01312dff 0x00003352 0x00010004 0x00009506 0x00000082 0x3fc60800 0x00000000 0x00000000 0x00000000 0x00000006 0x00000000
128 1781110900566097884 0x20000830 0x01312dff 0x00003352 0x00010004 0x00009506 0x00000082 0x3fc60800 0x00000000 0x00000000 0x00000000 0x00000006 0x00000000
129 1781110900571483809 0x20000830 0x01312dff 0x00003352 0x0001002c 0x00006106 0x00000000 0x3fc60800 0x00000000 0x00000000 0x00000000 0x00000006 0x00000000
130 1781110900576692691 0x20000010 0xffffffff 0x00003352 0x00010000 0x00006106 0x00000000 0x3fc60800 0x00000000 0x00000000 0x00000000 0x00000006 0x00000000
131 1781110900581890199 0x20000830 0x01312dff 0x00003352 0x00010004 0x00009506 0x00000082 0x3fc60800 0x00000000 0x00000000 0x00000000 0x00000006 0x00000000
132 1781110900587103290 0x20000010 0xffffffff 0x00003352 0x00010000 0x00006106 0x00000000 0x3fc60800 0x00000000 0x00000000 0x00000000 0x00000006 0x00000000
133 1781110900592313464 0x20000010 0xffffffff 0x00003352 0x00010000 0x00006106 0x00000000 0x3fc60800 0x00000000 0x00000000 0x00000000 0x00000006 0x00000000
134 1781110900597581138 0x20000010 0xffffffff 0x00003352 0x00010000 0x00006106 0x00000000 0x3fc60800 0x00000000 0x00000000 0x00000000 0x00000006 0x00000000
135 1781110900602805104 0x20000830 0x01312dff 0x00003352 0x00010024 0x00069402 0x00000082 0x3fc60800 0x00000000 0x00000000 0x00000000 0x00000006 0x00000000
136 1781110900608083362 0x20000830 0x01312dff 0x00003352 0x00010004 0x00009506 0x00000082 0x3fc60800 0x00000000 0x00000000 0x00000000 0x00000006 0x00000000
137 1781110900613293328 0x20000010 0xffffffff 0x00003352 0x00010000 0x00006106 0x00000000 0x3fc60800 0x00000000 0x00000000 0x00000000 0x00000006 0x00000000
138 1781110900618637044 0x20000830 0x01312dff 0x00003352 0x00010004 0x00009506 0x00000082 0x3fc60800 0x00000000 0x00000000 0x00000000 0x00000006 0x00000000
139 1781110900623923927 0x20000830 0x01312dff 0x00003352 0x00010024 0x00089402 0x00000082 0x3fc60800 0x00000000 0x00000000 0x00000000 0x00000006 0x00000000
140 1781110900629272476 0x20000830 0xffffffff 0x00003352 0x00010000 0x00006106 0x00000000 0x3fc60800 0x00000000 0x00000000 0x00000000 0x00000006 0x00000000
141 1781110900634571942 0x20000830 0x01312dff 0x00003352 0x00010004 0x00009506 0x00000082 0x3fc60800 0x00000000 0x00000000 0x00000000 0x00000006 0x00000000
142 1781110900639859117 0x20000830 0x01312dff 0x00003352 0x00010004 0x00009506 0x00000082 0x3fc60800 0x00000000 0x00000000 0x00000000 0x00000006 0x00000000
143 1781110900645068249 0x20000010 0xffffffff 0x00003352 0x00010000 0x00006106 0x00000000 0x3fc60800 0x00000000 0x00000000 0x00000000 0x00000006 0x00000000
144 1781110900650339924 0x20000830 0x01312dff 0x00003352 0x00010004 0x00009506 0x00000082 0x3fc60800 0x00000000 0x00000000 0x00000000 0x00000006 0x00000000
145 1781110900655561598 0x20000830 0x01312dff 0x00003352 0x00010004 0x00009506 0x00000082 0x3fc60800 0x00000000 0x00000000 0x00000000 0x00000006 0x00000000
146 1781110900660772064 0x20000010 0xffffffff 0x00003352 0x00010000 0x00006106 0x00000082 0x3fc60800 0x00000000 0x00000000 0x00000000 0x00000006 0x00000000
147 1781110900666064446 0x20000830 0x01312dff 0x00003352 0x00010004 0x00009506 0x00000082 0x3fc60800 0x00000000 0x00000000 0x00000000 0x00000006 0x00000000
148 1781110900671287079 0x20000830 0x01312dff 0x00003352 0x00010000 0x00006106 0x00000000 0x3fc60800 0x00000000 0x00000000 0x00000000 0x00000006 0x00000000
149 1781110900676562837 0x20000830 0xffffffff 0x00003352 0x00010000 0x00006106 0x00000000 0x3fc60800 0x00000000 0x00000000 0x00000000 0x00000006 0x00000000
150 1781110900681772678 0x20000830 0x01312dff 0x00003352 0x00010004 0x00009506 0x00000082 0x3fc60800 0x00000000 0x00000000 0x00000000 0x00000006 0x00000000
151 1781110900687041977 0x20000010 0xffffffff 0x00003352 0x00010000 0x00006106 0x00000082 0x3fc60800 0x00000000 0x00000000 0x00000000 0x00000006 0x00000000
152 1781110900692254651 0x20000830 0x01312dff 0x00003352 0x00010004 0x00009506 0x00000082 0x3fc60800 0x00000000 0x00000000 0x00000000 0x00000006 0x00000000
153 1781110900697457409 0x20000010 0xffffffff 0x00003352 0x00010000 0x00006106 0x00000082 0x3fc60800 0x00000000 0x00000000 0x00000000 0x00000006 0x00000000
154 1781110900702766917 0x20000010 0xffffffff 0x00003352 0x00010000 0x00006106 0x00000000 0x3fc60800 0x00000000 0x00000000 0x00000000 0x00000006 0x00000000
155 1781110900708123008 0x20000830 0x01312dff 0x00003352 0x00010004 0x00009506 0x00000082 0x3fc60800 0x00000000 0x00000000 0x00000000 0x00000006 0x00000000
156 1781110900713410682 0x20000830 0x01312dff 0x00003352 0x00010004 0x00009506 0x00000082 0x3fc60800 0x00000000 0x00000000 0x00000000 0x00000006 0x00000000
157 1781110900718679898 0x20000010 0xffffffff 0x00003352 0x00010000 0x00006106 0x00000000 0x3fc60800 0x00000000 0x00000000 0x00000000 0x00000006 0x00000000
158 1781110900723887156 0x20000830 0x01312dff 0x00003352 0x00010024 0x000a9402 0x00000082 0x3fc60800 0x00000000 0x00000000 0x00000000 0x00000006 0x00000000
159 1781110900729237580 0x20000830 0x01312dff 0x00003352 0x00010024 0x00049402 0x00000082 0x3fc60800 0x00000000 0x00000000 0x00000000 0x00000006 0x00000000
160 1781110900734538046 0x20000830 0x01312dff 0x00003352 0x00010004 0x00009506 0x00000082 0x3fc60800 0x00000000 0x00000000 0x00000000 0x00000006 0x00000000
161 1781110900739863221 0x20000830 0x01312dff 0x00003352 0x00010004 0x00009506 0x00000082 0x3fc60800 0x00000000 0x00000000 0x00000000 0x00000006 0x00000000
162 1781110900745221270 0x20000830 0x01312dff 0x00003352 0x00010004 0x00009506 0x00000082 0x3fc60800 0x00000000 0x00000000 0x00000000 0x00000006 0x00000000
163 1781110900750519070 0x20000830 0x01312dff 0x00003352 0x00010004 0x00009506 0x00000082 0x3fc60800 0x00000000 0x00000000 0x00000000 0x00000006 0x00000000
164 1781110900755728952 0x20000830 0x01312dff 0x00003352 0x00010004 0x00009506 0x00000082 0x3fc60800 0x00000000 0x00000000 0x00000000 0x00000006 0x00000000
165 1781110900760998001 0x20000010 0xffffffff 0x00003352 0x00010000 0x00006106 0x00000000 0x3fc60800 0x00000000 0x00000000 0x00000000 0x00000006 0x00000000
166 1781110900766287509 0x20000010 0xffffffff 0x00003352 0x00010000 0x00006106 0x00000000 0x3fc60800 0x00000000 0x00000000 0x00000000 0x00000006 0x00000000
167 1781110900771511850 0x20000010 0xffffffff 0x00003352 0x00010000 0x00006106 0x00000000 0x3fc60800 0x00000000 0x00000000 0x00000000 0x00000006 0x00000000
168 1781110900776720983 0x20000830 0x01312dff 0x00003352 0x00010004 0x00009506 0x00000082 0x3fc60800 0x00000000 0x00000000 0x00000000 0x00000006 0x00000000
169 1781110900781986157 0x20000830 0x01312dff 0x00003352 0x00010004 0x00009506 0x00000082 0x3fc60800 0x00000000 0x00000000 0x00000000 0x00000006 0x00000000
170 1781110900787209415 0x20000830 0x01312dff 0x00003352 0x00010004 0x00009506 0x00000082 0x3fc60800 0x00000000 0x00000000 0x00000000 0x00000006 0x00000000
171 1781110900792415506 0x20000830 0x01312dff 0x00003352 0x00010004 0x00009506 0x00000082 0x3fc60800 0x00000000 0x00000000 0x00000000 0x00000006 0x00000000
172 1781110900797618263 0x20000830 0x01312dff 0x00003352 0x00010004 0x00009506 0x00000082 0x3fc60800 0x00000000 0x00000000 0x00000000 0x00000006 0x00000000
173 1781110900802903813 0x20000010 0x01312dff 0x00003352 0x00010004 0x00009506 0x00000082 0x3fc60800 0x00000000 0x00000000 0x00000000 0x00000006 0x00000000
174 1781110900808243445 0x20000010 0x01312dff 0x00003352 0x00010004 0x00009506 0x00000082 0x3fc60800 0x00000000 0x00000000 0x00000000 0x00000006 0x00000000
175 1781110900813607703 0x20000830 0x01312dff 0x00003352 0x00010024 0x000a9402 0x00000082 0x3fc60800 0x00000000 0x00000000 0x00000000 0x00000006 0x00000000
176 1781110900818915669 0x20000830 0xffffffff 0x00003352 0x00010000 0x00006106 0x00000000 0x3fc60800 0x00000000 0x00000000 0x00000000 0x00000006 0x00000000
177 1781110900824195094 0x20000830 0x01312dff 0x00003352 0x0001402c 0x00006106 0x00000000 0x3fc60800 0x00000000 0x00000000 0x00000000 0x00000006 0x00000000
178 1781110900829404643 0x20000010 0x01312dff 0x00003352 0x00010004 0x00009506 0x00000082 0x3fc60800 0x00000000 0x00000000 0x00000000 0x00000006 0x00000000
179 1781110900834678942 0x20000010 0xffffffff 0x00003352 0x00010000 0x00009506 0x00000082 0x3fc60800 0x00000000 0x00000000 0x00000000 0x00000006 0x00000000
180 1781110900839886450 0x20000810 0x01312dff 0x00003352 0x00010004 0x00009506 0x00000082 0x3fc60800 0x00000000 0x00000000 0x00000000 0x00000006 0x00000000
181 1781110900845237291 0x20000010 0xffffffff 0x00003352 0x00010000 0x00006106 0x00000000 0x3fc60800 0x00000000 0x00000000 0x00000000 0x00000006 0x00000000
182 1781110900850598882 0x20000830 0x01312dff 0x00003352 0x00010004 0x00069402 0x00000082 0x3fc60800 0x00000000 0x00000000 0x00000000 0x00000006 0x00000000
183 1781110900855885723 0x20000810 0x01312dff 0x00003352 0x00010004 0x00009506 0x00000082 0x3fc60800 0x00000000 0x00000000 0x00000000 0x00000006 0x00000000
184 1781110900861157231 0x20000010 0xffffffff 0x00003352 0x00010000 0x00006106 0x00000000 0x3fc60800 0x00000000 0x00000000 0x00000000 0x00000006 0x00000000
185 1781110900866387030 0x20000010 0xffffffff 0x00003352 0x00010000 0x00006106 0x00000000 0x3fc60800 0x00000000 0x00000000 0x00000000 0x00000006 0x00000000
186 1781110900871662663 0x20000830 0x01312dff 0x00003352 0x00010004 0x00009506 0x00000082 0x3fc60800 0x00000000 0x00000000 0x00000000 0x00000006 0x00000000
187 1781110900876872962 0x20000010 0xffffffff 0x00003352 0x00010000 0x00006106 0x00000000 0x3fc60800 0x00000000 0x00000000 0x00000000 0x00000006 0x00000000
188 1781110900882142720 0x20000830 0x01312dff 0x00003352 0x00010004 0x00009506 0x00000082 0x3fc60800 0x00000000 0x00000000 0x00000000 0x00000006 0x00000000
189 1781110900887366477 0x20000010 0xffffffff 0x00003352 0x00010000 0x00006106 0x00000000 0x3fc60800 0x00000000 0x00000000 0x00000000 0x00000006 0x00000000
190 1781110900892575901 0x20000830 0x01312dff 0x00003352 0x00010024 0x00109403 0x00000082 0x3fc60800 0x00000000 0x00000000 0x00000000 0x00000006 0x00000000
191 1781110900897843992 0x20000010 0xffffffff 0x00003352 0x00010004 0x00009506 0x00000082 0x3fc60800 0x00000000 0x00000000 0x00000000 0x00000006 0x00000000
192 1781110900903066583 0x20000830 0x01312dff 0x00003352 0x00010004 0x00009506 0x00000082 0x3fc60800 0x00000000 0x00000000 0x00000000 0x00000006 0x00000000
193 1781110900908348591 0x20000830 0x01312dff 0x00003352 0x00010004 0x00009506 0x00000082 0x3fc60800 0x00000000 0x00000000 0x00000000 0x00000006 0x00000000
194 1781110900913557307 0x20000830 0x01312dff 0x00003352 0x00010004 0x00009506 0x00000082 0x3fc60800 0x00000000 0x00000000 0x00000000 0x00000006 0x00000000
195 1781110900918823940 0x20000830 0x01312dff 0x00003352 0x00010004 0x00009506 0x00000082 0x3fc60800 0x00000000 0x00000000 0x00000000 0x00000006 0x00000000
196 1781110900924033781 0x20000830 0x01312dff 0x00003352 0x00010004 0x00009506 0x00000082 0x3fc60800 0x00000000 0x00000000 0x00000000 0x00000006 0x00000000
197 1781110900929387872 0x20000830 0xffffffff 0x00003352 0x00010000 0x00006106 0x00000000 0x3fc60800 0x00000000 0x00000000 0x00000000 0x00000006 0x00000000
198 1781110900934688588 0x20000830 0x01312dff 0x00003352 0x00010004 0x00009506 0x00000082 0x3fc60800 0x00000000 0x00000000 0x00000000 0x00000006 0x00000000
199 1781110900939898220 0x20000010 0xffffffff 0x00003352 0x00010000 0x00006106 0x00000000 0x3fc60800 0x00000000 0x00000000 0x00000000 0x00000006 0x00000000
200 1781110900945172061 0x20000830 0x01312dff 0x00003352 0x00010004 0x00009506 0x00000082 0x3fc60800 0x00000000 0x00000000 0x00000000 0x00000006 0x00000000
201 1781110900950479486 0x20000010 0xffffffff 0x00003352 0x00010004 0x00009506 0x00000082 0x3fc60800 0x00000000 0x00000000 0x00000000 0x00000006 0x00000000
202 1781110900955763202 0x20000830 0x01312dff 0x00003352 0x00010004 0x00009506 0x00000082 0x3fc60800 0x00000000 0x00000000 0x00000000 0x00000006 0x00000000
203 1781110900961063876 0x20000830 0x01312dff 0x00003352 0x00010004 0x00009506 0x00000082 0x3fc60800 0x00000000 0x00000000 0x00000000 0x00000006 0x00000000
204 1781110900966425259 0x20000830 0x01312dff 0x00003352 0x00010004 0x00009506 0x00000082 0x3fc60800 0x00000000 0x00000000 0x00000000 0x00000006 0x00000000
205 1781110900971724100 0x20000010 0xffffffff 0x00003352 0x00010000 0x00006106 0x00000000 0x3fc60800 0x00000000 0x00000000 0x00000000 0x00000006 0x00000000
206 1781110900976933691 0x20000830 0x01312dff 0x00003352 0x00010024 0x000a9402 0x00000082 0x3fc60800 0x00000000 0x00000000 0x00000000 0x00000006 0x00000000
207 1781110900982200824 0x20000010 0xffffffff 0x00003352 0x00010000 0x00006106 0x00000082 0x3fc60800 0x00000000 0x00000000 0x00000000 0x00000006 0x00000000
208 1781110900987451498 0x20000830 0x01312dff 0x00003352 0x00010024 0x000e9402 0x00000082 0x3fc60800 0x00000000 0x00000000 0x00000000 0x00000006 0x00000000
209 1781110900992810339 0x20000010 0xffffffff 0x00003352 0x00010000 0x00009506 0x00000082 0x3fc60800 0x00000000 0x00000000 0x00000000 0x00000006 0x00000000
210 1781110900998163097 0x20000010 0xffffffff 0x00003352 0x00010000 0x00006106 0x00000000 0x3fc60800 0x00000000 0x00000000 0x00000000 0x00000006 0x00000000
211 1781110901003406230 0x20000830 0x01312dff 0x00003352 0x00010000 0x00006106 0x00000000 0x3fc60800 0x00000000 0x00000000 0x00000000 0x00000006 0x00000000
212 1781110901008617071 0x20000830 0x01312dff 0x00003352 0x00010004 0x00009506 0x00000082 0x3fc60800 0x00000000 0x00000000 0x00000000 0x00000006 0x00000000
213 1781110901013870203 0x20000010 0xffffffff 0x00003352 0x00010000 0x00006106 0x00000000 0x3fc60800 0x00000000 0x00000000 0x00000000 0x00000006 0x00000000
214 1781110901019428711 0x20000010 0xffffffff 0x00003352 0x00010000 0x00006106 0x00000000 0x3fc60800 0x00000000 0x00000000 0x00000000 0x00000006 0x00000000
215 1781110901024781219 0x20000830 0x01312dff 0x00003352 0x00010004 0x00009506 0x00000082 0x3fc60800 0x00000000 0x00000000 0x00000000 0x00000006 0x00000000
216 1781110901030047602 0x20000010 0xffffffff 0x00003352 0x00010000 0x00006106 0x00000000 0x3fc60800 0x00000000 0x00000000 0x00000000 0x00000006 0x00000000
217 1781110901035271443 0x20000830 0x01312dff 0x00003352 0x00010004 0x00009506 0x00000082 0x3fc60800 0x00000000 0x00000000 0x00000000 0x00000006 0x00000000
218 1781110901040482033 0x20000830 0x01312dff 0x00003352 0x00010004 0x00009506 0x00000082 0x3fc60800 0x00000000 0x00000000 0x00000000 0x00000006 0x00000000
219 1781110901045754666 0x20000830 0x01312dff 0x00003352 0x00010004 0x00009506 0x00000082 0x3fc60800 0x00000000 0x00000000 0x00000000 0x00000006 0x00000000
220 1781110901051032799 0x20000010 0x01312dff 0x00003352 0x00010004 0x00009506 0x00000082 0x3fc60800 0x00000000 0x00000000 0x00000000 0x00000006 0x00000000
221 1781110901056241390 0x20000830 0x01312dff 0x00003352 0x00010004 0x00009506 0x00000082 0x3fc60800 0x00000000 0x00000000 0x00000000 0x00000006 0x00000000
222 1781110901061512356 0x20000830 0x01312dff 0x00003352 0x00010000 0x00006106 0x00000000 0x3fc60800 0x00000000 0x00000000 0x00000000 0x00000006 0x00000000
223 1781110901066736530 0x20000010 0x01312dff 0x00003352 0x00010004 0x00009506 0x00000082 0x3fc60800 0x00000000 0x00000000 0x00000000 0x00000006 0x00000000
224 1781110901072014121 0x20000830 0x01312dff 0x00003352 0x00010004 0x00009506 0x00000082 0x3fc60800 0x00000000 0x00000000 0x00000000 0x00000006 0x00000000
225 1781110901077223045 0x20000830 0x01312dff 0x00003352 0x00010004 0x00009506 0x00000082 0x3fc60800 0x00000000 0x00000000 0x00000000 0x00000006 0x00000000
226 1781110901082546011 0x20000830 0x01312dff 0x00003352 0x00010024 0x000c9402 0x00000082 0x3fc60800 0x00000000 0x00000000 0x00000000 0x00000006 0x00000000
227 1781110901087769144 0x20000830 0x01312dff 0x00003352 0x00010024 0x000c9402 0x00000082 0x3fc60800 0x00000000 0x00000000 0x00000000 0x00000006 0x00000000
228 1781110901093045985 0x20000010 0xffffffff 0x00003352 0x00010000 0x00006106 0x00000000 0x3fc60800 0x00000000 0x00000000 0x00000000 0x00000006 0x00000000
229 1781110901098331742 0x20000830 0x01312dff 0x00003352 0x00010004 0x00009506 0x00000082 0x3fc60800 0x00000000 0x00000000 0x00000000 0x00000006 0x00000000
230 1781110901103552208 0x20000830 0x01312dff 0x00003352 0x00010004 0x00009506 0x00000082 0x3fc60800 0x00000000 0x00000000 0x00000000 0x00000006 0x00000000
231 1781110901108765591 0x20000830 0x01312dff 0x00003352 0x00010004 0x00009506 0x00000082 0x3fc60800 0x00000000 0x00000000 0x00000000 0x00000006 0x00000000
232 1781110901114117473 0x20000830 0xffffffff 0x00003352 0x00010000 0x00006106 0x00000000 0x3fc60800 0x00000000 0x00000000 0x00000000 0x00000006 0x00000000
233 1781110901119447398 0x20000830 0x01312dff 0x00003352 0x00010004 0x00009506 0x00000082 0x3fc60800 0x00000000 0x00000000 0x00000000 0x00000006 0x00000000
234 1781110901124657655 0x20000830 0x01312dff 0x00003352 0x00010024 0x000a9402 0x00000082 0x3fc60800 0x00000000 0x00000000 0x00000000 0x00000006 0x00000000
235 1781110901129924580 0x20000830 0x01312dff 0x00003352 0x00010004 0x00009506 0x00000082 0x3fc60800 0x00000000 0x00000000 0x00000000 0x00000006 0x00000000
236 1781110901135146546 0x20000830 0x01312dff 0x00003352 0x00010004 0x00009506 0x00000082 0x3fc60800 0x00000000 0x00000000 0x00000000 0x00000006 0x00000000
237 1781110901140427428 0x20000830 0x01312dff 0x00003352 0x00010000 0x00006106 0x00000000 0x3fc60800 0x00000000 0x00000000 0x00000000 0x00000006 0x00000000
238 1781110901145635144 0x20000830 0x01312dff 0x00003352 0x00010004 0x00009506 0x00000082 0x3fc60800 0x00000000 0x00000000 0x00000000 0x00000006 0x00000000
239 1781110901150981110 0x20000830 0x01312dff 0x00003352 0x00010004 0x00009506 0x00000082 0x3fc60800 0x00000000 0x00000000 0x00000000 0x00000006 0x00000000
dd_status=